This is pdfTeX, Version 3.1415926-2.5-1.40.14 (TeX Live 2013/TeX Live for SUSE Linux) (format=pdflatex 2017.1.16)  18 FEB 2017 16:20
entering extended mode
 restricted \write18 enabled.
 %&-line parsing enabled.
**definitions.tex
(./definitions.tex
LaTeX2e <2011/06/27>
Babel <3.9f> and hyphenation patterns for 78 languages loaded.
)
! Emergency stop.
<*> definitions.tex
                   
*** (job aborted, no legal \end found)

 
Here is how much of TeX's memory you used:
 50 strings out of 493315
 775 string characters out of 6145893
 52158 words of memory out of 5000000
 3602 multiletter control sequences out of 15000+600000
 3640 words of font info for 14 fonts, out of 8000000 for 9000
 957 hyphenation exceptions out of 8191
 7i,0n,6p,105b,8s stack positions out of 5000i,500n,10000p,200000b,80000s
!  ==> Fatal error occurred, no output PDF file produced!
